mode: set
github.com/fiap-challenger-soat/hackthon-soat-process-worker/internal/adapters/output/repository/video_job_repo.go:15.61,17.2 1 1
github.com/fiap-challenger-soat/hackthon-soat-process-worker/internal/adapters/output/repository/video_job_repo.go:18.104,26.16 3 1
github.com/fiap-challenger-soat/hackthon-soat-process-worker/internal/adapters/output/repository/video_job_repo.go:26.16,27.36 1 1
github.com/fiap-challenger-soat/hackthon-soat-process-worker/internal/adapters/output/repository/video_job_repo.go:27.36,29.4 1 1
github.com/fiap-challenger-soat/hackthon-soat-process-worker/internal/adapters/output/repository/video_job_repo.go:30.3,30.76 1 1
github.com/fiap-challenger-soat/hackthon-soat-process-worker/internal/adapters/output/repository/video_job_repo.go:32.2,32.18 1 1
github.com/fiap-challenger-soat/hackthon-soat-process-worker/internal/adapters/output/repository/video_job_repo.go:35.99,36.67 1 1
github.com/fiap-challenger-soat/hackthon-soat-process-worker/internal/adapters/output/repository/video_job_repo.go:36.67,38.3 1 1
github.com/fiap-challenger-soat/hackthon-soat-process-worker/internal/adapters/output/repository/video_job_repo.go:39.2,39.12 1 1
github.com/fiap-challenger-soat/hackthon-soat-process-worker/internal/core/domain/video_job.go:47.36,49.2 1 1
github.com/fiap-challenger-soat/hackthon-soat-process-worker/internal/pkg/tests/utils.go:12.60,25.2 7 1
github.com/fiap-challenger-soat/hackthon-soat-process-worker/internal/pkg/tests/utils.go:12.60,25.2 7 0
github.com/fiap-challenger-soat/hackthon-soat-process-worker/internal/clients/postgres/client.go:12.44,18.16 3 0
github.com/fiap-challenger-soat/hackthon-soat-process-worker/internal/clients/postgres/client.go:18.16,20.3 1 0
github.com/fiap-challenger-soat/hackthon-soat-process-worker/internal/clients/postgres/client.go:22.2,23.16 2 0
github.com/fiap-challenger-soat/hackthon-soat-process-worker/internal/clients/postgres/client.go:23.16,25.3 1 0
github.com/fiap-challenger-soat/hackthon-soat-process-worker/internal/clients/postgres/client.go:27.2,31.16 4 0
github.com/fiap-challenger-soat/hackthon-soat-process-worker/internal/core/domain/video_job.go:47.36,49.2 1 0
github.com/fiap-challenger-soat/hackthon-soat-process-worker/internal/config/config.go:36.13,37.41 1 0
github.com/fiap-challenger-soat/hackthon-soat-process-worker/internal/config/config.go:37.41,39.3 1 0
github.com/fiap-challenger-soat/hackthon-soat-process-worker/internal/clients/aws/client.go:13.60,25.80 1 0
github.com/fiap-challenger-soat/hackthon-soat-process-worker/internal/clients/aws/client.go:25.80,27.5 1 0
github.com/fiap-challenger-soat/hackthon-soat-process-worker/internal/adapters/output/queue/sqs_handle.go:21.92,27.2 1 1
github.com/fiap-challenger-soat/hackthon-soat-process-worker/internal/adapters/output/queue/sqs_handle.go:29.84,31.16 2 1
github.com/fiap-challenger-soat/hackthon-soat-process-worker/internal/adapters/output/queue/sqs_handle.go:31.16,33.3 1 0
github.com/fiap-challenger-soat/hackthon-soat-process-worker/internal/adapters/output/queue/sqs_handle.go:35.2,39.16 2 1
github.com/fiap-challenger-soat/hackthon-soat-process-worker/internal/adapters/output/queue/sqs_handle.go:39.16,41.3 1 1
github.com/fiap-challenger-soat/hackthon-soat-process-worker/internal/adapters/output/queue/sqs_handle.go:43.2,43.12 1 1
github.com/fiap-challenger-soat/hackthon-soat-process-worker/internal/adapters/output/queue/sqs_handle.go:46.118,52.16 2 1
github.com/fiap-challenger-soat/hackthon-soat-process-worker/internal/adapters/output/queue/sqs_handle.go:52.16,54.3 1 1
github.com/fiap-challenger-soat/hackthon-soat-process-worker/internal/adapters/output/queue/sqs_handle.go:56.2,56.26 1 1
github.com/fiap-challenger-soat/hackthon-soat-process-worker/internal/adapters/output/queue/sqs_handle.go:59.78,64.16 2 1
github.com/fiap-challenger-soat/hackthon-soat-process-worker/internal/adapters/output/queue/sqs_handle.go:64.16,66.3 1 1
github.com/fiap-challenger-soat/hackthon-soat-process-worker/internal/adapters/output/queue/sqs_handle.go:68.2,68.12 1 1
github.com/fiap-challenger-soat/hackthon-soat-process-worker/internal/core/domain/video_job.go:47.36,49.2 1 0
github.com/fiap-challenger-soat/hackthon-soat-process-worker/internal/adapters/output/storage/s3.go:20.73,25.2 1 1
github.com/fiap-challenger-soat/hackthon-soat-process-worker/internal/adapters/output/storage/s3.go:27.103,34.16 3 1
github.com/fiap-challenger-soat/hackthon-soat-process-worker/internal/adapters/output/storage/s3.go:34.16,36.3 1 1
github.com/fiap-challenger-soat/hackthon-soat-process-worker/internal/adapters/output/storage/s3.go:38.2,39.16 2 1
github.com/fiap-challenger-soat/hackthon-soat-process-worker/internal/adapters/output/storage/s3.go:39.16,41.3 1 0
github.com/fiap-challenger-soat/hackthon-soat-process-worker/internal/adapters/output/storage/s3.go:43.2,43.58 1 1
github.com/fiap-challenger-soat/hackthon-soat-process-worker/internal/adapters/output/storage/s3.go:43.58,45.3 1 1
github.com/fiap-challenger-soat/hackthon-soat-process-worker/internal/adapters/output/storage/s3.go:47.2,52.24 2 1
github.com/fiap-challenger-soat/hackthon-soat-process-worker/internal/adapters/output/storage/s3.go:55.91,58.16 2 1
github.com/fiap-challenger-soat/hackthon-soat-process-worker/internal/adapters/output/storage/s3.go:58.16,60.3 1 0
github.com/fiap-challenger-soat/hackthon-soat-process-worker/internal/adapters/output/storage/s3.go:62.2,63.16 2 1
github.com/fiap-challenger-soat/hackthon-soat-process-worker/internal/adapters/output/storage/s3.go:63.16,65.3 1 0
github.com/fiap-challenger-soat/hackthon-soat-process-worker/internal/adapters/output/storage/s3.go:67.2,76.16 3 1
github.com/fiap-challenger-soat/hackthon-soat-process-worker/internal/adapters/output/storage/s3.go:76.16,78.3 1 1
github.com/fiap-challenger-soat/hackthon-soat-process-worker/internal/adapters/output/storage/s3.go:80.2,80.12 1 1
github.com/fiap-challenger-soat/hackthon-soat-process-worker/internal/core/domain/video_job.go:47.36,49.2 1 0
github.com/fiap-challenger-soat/hackthon-soat-process-worker/internal/core/domain/video_job.go:47.36,49.2 1 0
github.com/fiap-challenger-soat/hackthon-soat-process-worker/internal/core/service/job_service.go:27.15,34.2 1 1
github.com/fiap-challenger-soat/hackthon-soat-process-worker/internal/core/service/job_service.go:36.74,40.16 3 1
github.com/fiap-challenger-soat/hackthon-soat-process-worker/internal/core/service/job_service.go:40.16,41.45 1 1
github.com/fiap-challenger-soat/hackthon-soat-process-worker/internal/core/service/job_service.go:41.45,44.4 2 1
github.com/fiap-challenger-soat/hackthon-soat-process-worker/internal/core/service/job_service.go:45.3,45.75 1 1
github.com/fiap-challenger-soat/hackthon-soat-process-worker/internal/core/service/job_service.go:48.2,48.76 1 1
github.com/fiap-challenger-soat/hackthon-soat-process-worker/internal/core/service/job_service.go:48.76,50.3 1 1
github.com/fiap-challenger-soat/hackthon-soat-process-worker/internal/core/service/job_service.go:52.2,53.16 2 1
github.com/fiap-challenger-soat/hackthon-soat-process-worker/internal/core/service/job_service.go:53.16,56.3 2 1
github.com/fiap-challenger-soat/hackthon-soat-process-worker/internal/core/service/job_service.go:58.2,59.16 2 1
github.com/fiap-challenger-soat/hackthon-soat-process-worker/internal/core/service/job_service.go:59.16,62.3 2 1
github.com/fiap-challenger-soat/hackthon-soat-process-worker/internal/core/service/job_service.go:64.2,65.76 2 1
github.com/fiap-challenger-soat/hackthon-soat-process-worker/internal/core/service/job_service.go:65.76,68.3 2 1
github.com/fiap-challenger-soat/hackthon-soat-process-worker/internal/core/service/job_service.go:70.2,71.75 2 1
github.com/fiap-challenger-soat/hackthon-soat-process-worker/internal/core/service/job_service.go:71.75,73.3 1 1
github.com/fiap-challenger-soat/hackthon-soat-process-worker/internal/core/service/job_service.go:75.2,76.12 2 1
github.com/fiap-challenger-soat/hackthon-soat-process-worker/internal/core/service/job_service.go:79.76,85.55 4 1
github.com/fiap-challenger-soat/hackthon-soat-process-worker/internal/core/service/job_service.go:85.55,87.3 1 1
github.com/fiap-challenger-soat/hackthon-soat-process-worker/internal/core/service/job_service.go:90.111,99.2 1 1
github.com/fiap-challenger-soat/hackthon-soat-process-worker/internal/adapters/output/processor/video_processor.go:15.44,17.2 1 1
github.com/fiap-challenger-soat/hackthon-soat-process-worker/internal/adapters/output/processor/video_processor.go:19.103,21.16 2 1
github.com/fiap-challenger-soat/hackthon-soat-process-worker/internal/adapters/output/processor/video_processor.go:21.16,23.3 1 0
github.com/fiap-challenger-soat/hackthon-soat-process-worker/internal/adapters/output/processor/video_processor.go:25.2,27.53 3 1
github.com/fiap-challenger-soat/hackthon-soat-process-worker/internal/adapters/output/processor/video_processor.go:27.53,29.3 1 1
github.com/fiap-challenger-soat/hackthon-soat-process-worker/internal/adapters/output/processor/video_processor.go:31.2,31.28 1 1
github.com/fiap-challenger-soat/hackthon-soat-process-worker/internal/adapters/output/processor/video_processor.go:34.58,36.16 2 1
github.com/fiap-challenger-soat/hackthon-soat-process-worker/internal/adapters/output/processor/video_processor.go:36.16,38.3 1 0
github.com/fiap-challenger-soat/hackthon-soat-process-worker/internal/adapters/output/processor/video_processor.go:40.2,43.16 3 1
github.com/fiap-challenger-soat/hackthon-soat-process-worker/internal/adapters/output/processor/video_processor.go:43.16,45.3 1 0
github.com/fiap-challenger-soat/hackthon-soat-process-worker/internal/adapters/output/processor/video_processor.go:46.2,46.22 1 1
github.com/fiap-challenger-soat/hackthon-soat-process-worker/internal/adapters/output/processor/video_processor.go:46.22,48.3 1 0
github.com/fiap-challenger-soat/hackthon-soat-process-worker/internal/adapters/output/processor/video_processor.go:50.2,50.35 1 1
github.com/fiap-challenger-soat/hackthon-soat-process-worker/internal/adapters/output/processor/video_processor.go:50.35,51.60 1 1
github.com/fiap-challenger-soat/hackthon-soat-process-worker/internal/adapters/output/processor/video_processor.go:51.60,53.4 1 0
github.com/fiap-challenger-soat/hackthon-soat-process-worker/internal/adapters/output/processor/video_processor.go:56.2,58.32 3 1
github.com/fiap-challenger-soat/hackthon-soat-process-worker/internal/adapters/output/processor/video_processor.go:61.65,63.16 2 1
github.com/fiap-challenger-soat/hackthon-soat-process-worker/internal/adapters/output/processor/video_processor.go:63.16,65.3 1 0
github.com/fiap-challenger-soat/hackthon-soat-process-worker/internal/adapters/output/processor/video_processor.go:67.2,68.16 2 1
github.com/fiap-challenger-soat/hackthon-soat-process-worker/internal/adapters/output/processor/video_processor.go:68.16,70.3 1 0
github.com/fiap-challenger-soat/hackthon-soat-process-worker/internal/adapters/output/processor/video_processor.go:72.2,73.16 2 1
github.com/fiap-challenger-soat/hackthon-soat-process-worker/internal/adapters/output/processor/video_processor.go:73.16,75.3 1 0
github.com/fiap-challenger-soat/hackthon-soat-process-worker/internal/adapters/output/processor/video_processor.go:76.2,80.16 4 1
github.com/fiap-challenger-soat/hackthon-soat-process-worker/internal/adapters/output/processor/video_processor.go:80.16,82.3 1 0
github.com/fiap-challenger-soat/hackthon-soat-process-worker/internal/adapters/output/processor/video_processor.go:83.2,84.12 2 1
github.com/fiap-challenger-soat/hackthon-soat-process-worker/internal/adapters/input/consumer.go:19.80,24.2 1 1
github.com/fiap-challenger-soat/hackthon-soat-process-worker/internal/adapters/input/consumer.go:26.47,28.6 2 1
github.com/fiap-challenger-soat/hackthon-soat-process-worker/internal/adapters/input/consumer.go:28.6,29.10 1 1
github.com/fiap-challenger-soat/hackthon-soat-process-worker/internal/adapters/input/consumer.go:30.21,32.10 2 1
github.com/fiap-challenger-soat/hackthon-soat-process-worker/internal/adapters/input/consumer.go:33.11,35.18 2 1
github.com/fiap-challenger-soat/hackthon-soat-process-worker/internal/adapters/input/consumer.go:35.18,38.13 3 1
github.com/fiap-challenger-soat/hackthon-soat-process-worker/internal/adapters/input/consumer.go:40.4,40.29 1 1
github.com/fiap-challenger-soat/hackthon-soat-process-worker/internal/adapters/input/consumer.go:40.29,42.5 1 1
github.com/fiap-challenger-soat/hackthon-soat-process-worker/internal/adapters/input/consumer.go:47.74,48.49 1 1
github.com/fiap-challenger-soat/hackthon-soat-process-worker/internal/adapters/input/consumer.go:48.49,51.3 2 1
github.com/fiap-challenger-soat/hackthon-soat-process-worker/internal/adapters/input/consumer.go:53.2,55.67 2 1
github.com/fiap-challenger-soat/hackthon-soat-process-worker/internal/adapters/input/consumer.go:55.67,59.3 3 1
github.com/fiap-challenger-soat/hackthon-soat-process-worker/internal/adapters/input/consumer.go:61.2,63.16 3 1
github.com/fiap-challenger-soat/hackthon-soat-process-worker/internal/adapters/input/consumer.go:63.16,64.71 1 1
github.com/fiap-challenger-soat/hackthon-soat-process-worker/internal/adapters/input/consumer.go:64.71,66.4 1 0
github.com/fiap-challenger-soat/hackthon-soat-process-worker/internal/adapters/input/consumer.go:66.9,68.4 1 1
github.com/fiap-challenger-soat/hackthon-soat-process-worker/internal/adapters/input/consumer.go:69.3,69.9 1 1
github.com/fiap-challenger-soat/hackthon-soat-process-worker/internal/adapters/input/consumer.go:72.2,72.64 1 1
github.com/fiap-challenger-soat/hackthon-soat-process-worker/internal/adapters/input/consumer.go:72.64,74.3 1 1
github.com/fiap-challenger-soat/hackthon-soat-process-worker/internal/adapters/input/consumer.go:74.8,76.3 1 1
github.com/fiap-challenger-soat/hackthon-soat-process-worker/internal/core/domain/video_job.go:47.36,49.2 1 0
