mode: set
github.com/fiap-challenger-soat/hackthon-soat-process-worker/internal/pkg/tests/utils.go:12.60,25.2 7 0
github.com/fiap-challenger-soat/hackthon-soat-process-worker/internal/clients/aws/client.go:13.60,25.80 1 0
github.com/fiap-challenger-soat/hackthon-soat-process-worker/internal/clients/aws/client.go:25.80,27.5 1 0
github.com/fiap-challenger-soat/hackthon-soat-process-worker/internal/clients/postgres/client.go:12.44,18.16 3 0
github.com/fiap-challenger-soat/hackthon-soat-process-worker/internal/clients/postgres/client.go:18.16,20.3 1 0
github.com/fiap-challenger-soat/hackthon-soat-process-worker/internal/clients/postgres/client.go:22.2,23.16 2 0
github.com/fiap-challenger-soat/hackthon-soat-process-worker/internal/clients/postgres/client.go:23.16,25.3 1 0
github.com/fiap-challenger-soat/hackthon-soat-process-worker/internal/clients/postgres/client.go:27.2,31.16 4 0
github.com/fiap-challenger-soat/hackthon-soat-process-worker/internal/core/domain/video_job.go:48.36,50.2 1 0
github.com/fiap-challenger-soat/hackthon-soat-process-worker/internal/config/config.go:37.13,38.41 1 0
github.com/fiap-challenger-soat/hackthon-soat-process-worker/internal/config/config.go:38.41,40.3 1 0
github.com/fiap-challenger-soat/hackthon-soat-process-worker/internal/adapters/output/repository/video_job_repo.go:15.61,17.2 1 1
github.com/fiap-challenger-soat/hackthon-soat-process-worker/internal/adapters/output/repository/video_job_repo.go:18.104,26.16 3 1
github.com/fiap-challenger-soat/hackthon-soat-process-worker/internal/adapters/output/repository/video_job_repo.go:26.16,27.36 1 1
github.com/fiap-challenger-soat/hackthon-soat-process-worker/internal/adapters/output/repository/video_job_repo.go:27.36,29.4 1 1
github.com/fiap-challenger-soat/hackthon-soat-process-worker/internal/adapters/output/repository/video_job_repo.go:30.3,30.76 1 1
github.com/fiap-challenger-soat/hackthon-soat-process-worker/internal/adapters/output/repository/video_job_repo.go:32.2,32.18 1 1
github.com/fiap-challenger-soat/hackthon-soat-process-worker/internal/adapters/output/repository/video_job_repo.go:35.99,36.67 1 1
github.com/fiap-challenger-soat/hackthon-soat-process-worker/internal/adapters/output/repository/video_job_repo.go:36.67,38.3 1 1
github.com/fiap-challenger-soat/hackthon-soat-process-worker/internal/adapters/output/repository/video_job_repo.go:39.2,39.12 1 1
github.com/fiap-challenger-soat/hackthon-soat-process-worker/internal/core/domain/video_job.go:48.36,50.2 1 1
github.com/fiap-challenger-soat/hackthon-soat-process-worker/internal/pkg/tests/utils.go:12.60,25.2 7 1
github.com/fiap-challenger-soat/hackthon-soat-process-worker/internal/adapters/output/queue/sqs_handle.go:21.92,27.2 1 1
github.com/fiap-challenger-soat/hackthon-soat-process-worker/internal/adapters/output/queue/sqs_handle.go:29.84,31.16 2 1
github.com/fiap-challenger-soat/hackthon-soat-process-worker/internal/adapters/output/queue/sqs_handle.go:31.16,33.3 1 0
github.com/fiap-challenger-soat/hackthon-soat-process-worker/internal/adapters/output/queue/sqs_handle.go:35.2,39.16 2 1
github.com/fiap-challenger-soat/hackthon-soat-process-worker/internal/adapters/output/queue/sqs_handle.go:39.16,41.3 1 1
github.com/fiap-challenger-soat/hackthon-soat-process-worker/internal/adapters/output/queue/sqs_handle.go:43.2,43.12 1 1
github.com/fiap-challenger-soat/hackthon-soat-process-worker/internal/adapters/output/queue/sqs_handle.go:46.118,52.16 2 1
github.com/fiap-challenger-soat/hackthon-soat-process-worker/internal/adapters/output/queue/sqs_handle.go:52.16,54.3 1 1
github.com/fiap-challenger-soat/hackthon-soat-process-worker/internal/adapters/output/queue/sqs_handle.go:56.2,56.26 1 1
github.com/fiap-challenger-soat/hackthon-soat-process-worker/internal/adapters/output/queue/sqs_handle.go:59.78,64.16 2 1
github.com/fiap-challenger-soat/hackthon-soat-process-worker/internal/adapters/output/queue/sqs_handle.go:64.16,66.3 1 1
github.com/fiap-challenger-soat/hackthon-soat-process-worker/internal/adapters/output/queue/sqs_handle.go:68.2,68.12 1 1
github.com/fiap-challenger-soat/hackthon-soat-process-worker/internal/core/domain/video_job.go:48.36,50.2 1 0
github.com/fiap-challenger-soat/hackthon-soat-process-worker/internal/adapters/output/storage/s3.go:21.91,27.2 1 1
github.com/fiap-challenger-soat/hackthon-soat-process-worker/internal/adapters/output/storage/s3.go:29.103,36.16 3 1
github.com/fiap-challenger-soat/hackthon-soat-process-worker/internal/adapters/output/storage/s3.go:36.16,38.3 1 1
github.com/fiap-challenger-soat/hackthon-soat-process-worker/internal/adapters/output/storage/s3.go:40.2,41.16 2 1
github.com/fiap-challenger-soat/hackthon-soat-process-worker/internal/adapters/output/storage/s3.go:41.16,43.3 1 0
github.com/fiap-challenger-soat/hackthon-soat-process-worker/internal/adapters/output/storage/s3.go:45.2,45.58 1 1
github.com/fiap-challenger-soat/hackthon-soat-process-worker/internal/adapters/output/storage/s3.go:45.58,47.3 1 1
github.com/fiap-challenger-soat/hackthon-soat-process-worker/internal/adapters/output/storage/s3.go:49.2,54.24 2 1
github.com/fiap-challenger-soat/hackthon-soat-process-worker/internal/adapters/output/storage/s3.go:57.91,60.16 2 1
github.com/fiap-challenger-soat/hackthon-soat-process-worker/internal/adapters/output/storage/s3.go:60.16,62.3 1 0
github.com/fiap-challenger-soat/hackthon-soat-process-worker/internal/adapters/output/storage/s3.go:64.2,65.16 2 1
github.com/fiap-challenger-soat/hackthon-soat-process-worker/internal/adapters/output/storage/s3.go:65.16,67.3 1 0
github.com/fiap-challenger-soat/hackthon-soat-process-worker/internal/adapters/output/storage/s3.go:69.2,78.16 3 1
github.com/fiap-challenger-soat/hackthon-soat-process-worker/internal/adapters/output/storage/s3.go:78.16,80.3 1 1
github.com/fiap-challenger-soat/hackthon-soat-process-worker/internal/adapters/output/storage/s3.go:82.2,82.12 1 1
github.com/fiap-challenger-soat/hackthon-soat-process-worker/internal/core/domain/video_job.go:48.36,50.2 1 0
github.com/fiap-challenger-soat/hackthon-soat-process-worker/internal/core/domain/video_job.go:48.36,50.2 1 0
github.com/fiap-challenger-soat/hackthon-soat-process-worker/internal/core/service/job_service.go:27.15,34.2 1 1
github.com/fiap-challenger-soat/hackthon-soat-process-worker/internal/core/service/job_service.go:36.85,38.21 2 1
github.com/fiap-challenger-soat/hackthon-soat-process-worker/internal/core/service/job_service.go:38.21,41.3 2 1
github.com/fiap-challenger-soat/hackthon-soat-process-worker/internal/core/service/job_service.go:43.2,44.16 2 1
github.com/fiap-challenger-soat/hackthon-soat-process-worker/internal/core/service/job_service.go:44.16,45.45 1 1
github.com/fiap-challenger-soat/hackthon-soat-process-worker/internal/core/service/job_service.go:45.45,48.4 2 1
github.com/fiap-challenger-soat/hackthon-soat-process-worker/internal/core/service/job_service.go:49.3,49.75 1 1
github.com/fiap-challenger-soat/hackthon-soat-process-worker/internal/core/service/job_service.go:52.2,52.76 1 1
github.com/fiap-challenger-soat/hackthon-soat-process-worker/internal/core/service/job_service.go:52.76,54.3 1 1
github.com/fiap-challenger-soat/hackthon-soat-process-worker/internal/core/service/job_service.go:56.2,57.16 2 1
github.com/fiap-challenger-soat/hackthon-soat-process-worker/internal/core/service/job_service.go:57.16,59.3 1 1
github.com/fiap-challenger-soat/hackthon-soat-process-worker/internal/core/service/job_service.go:61.2,62.16 2 1
github.com/fiap-challenger-soat/hackthon-soat-process-worker/internal/core/service/job_service.go:62.16,65.3 2 1
github.com/fiap-challenger-soat/hackthon-soat-process-worker/internal/core/service/job_service.go:67.2,68.76 2 1
github.com/fiap-challenger-soat/hackthon-soat-process-worker/internal/core/service/job_service.go:68.76,71.3 2 1
github.com/fiap-challenger-soat/hackthon-soat-process-worker/internal/core/service/job_service.go:73.2,74.75 2 1
github.com/fiap-challenger-soat/hackthon-soat-process-worker/internal/core/service/job_service.go:74.75,76.3 1 1
github.com/fiap-challenger-soat/hackthon-soat-process-worker/internal/core/service/job_service.go:78.2,79.12 2 1
github.com/fiap-challenger-soat/hackthon-soat-process-worker/internal/core/service/job_service.go:82.76,89.55 4 1
github.com/fiap-challenger-soat/hackthon-soat-process-worker/internal/core/service/job_service.go:89.55,91.3 1 1
github.com/fiap-challenger-soat/hackthon-soat-process-worker/internal/core/service/job_service.go:94.111,103.2 1 1
github.com/fiap-challenger-soat/hackthon-soat-process-worker/internal/adapters/output/processor/video_processor.go:15.44,17.2 1 1
github.com/fiap-challenger-soat/hackthon-soat-process-worker/internal/adapters/output/processor/video_processor.go:19.103,21.16 2 1
github.com/fiap-challenger-soat/hackthon-soat-process-worker/internal/adapters/output/processor/video_processor.go:21.16,23.3 1 0
github.com/fiap-challenger-soat/hackthon-soat-process-worker/internal/adapters/output/processor/video_processor.go:25.2,27.53 3 1
github.com/fiap-challenger-soat/hackthon-soat-process-worker/internal/adapters/output/processor/video_processor.go:27.53,29.3 1 1
github.com/fiap-challenger-soat/hackthon-soat-process-worker/internal/adapters/output/processor/video_processor.go:31.2,31.28 1 1
github.com/fiap-challenger-soat/hackthon-soat-process-worker/internal/adapters/output/processor/video_processor.go:34.58,36.16 2 1
github.com/fiap-challenger-soat/hackthon-soat-process-worker/internal/adapters/output/processor/video_processor.go:36.16,38.3 1 0
github.com/fiap-challenger-soat/hackthon-soat-process-worker/internal/adapters/output/processor/video_processor.go:40.2,43.16 3 1
github.com/fiap-challenger-soat/hackthon-soat-process-worker/internal/adapters/output/processor/video_processor.go:43.16,45.3 1 0
github.com/fiap-challenger-soat/hackthon-soat-process-worker/internal/adapters/output/processor/video_processor.go:46.2,46.22 1 1
github.com/fiap-challenger-soat/hackthon-soat-process-worker/internal/adapters/output/processor/video_processor.go:46.22,48.3 1 0
github.com/fiap-challenger-soat/hackthon-soat-process-worker/internal/adapters/output/processor/video_processor.go:50.2,50.35 1 1
github.com/fiap-challenger-soat/hackthon-soat-process-worker/internal/adapters/output/processor/video_processor.go:50.35,51.60 1 1
github.com/fiap-challenger-soat/hackthon-soat-process-worker/internal/adapters/output/processor/video_processor.go:51.60,53.4 1 0
github.com/fiap-challenger-soat/hackthon-soat-process-worker/internal/adapters/output/processor/video_processor.go:56.2,58.32 3 1
github.com/fiap-challenger-soat/hackthon-soat-process-worker/internal/adapters/output/processor/video_processor.go:61.65,63.16 2 1
github.com/fiap-challenger-soat/hackthon-soat-process-worker/internal/adapters/output/processor/video_processor.go:63.16,65.3 1 0
github.com/fiap-challenger-soat/hackthon-soat-process-worker/internal/adapters/output/processor/video_processor.go:67.2,68.16 2 1
github.com/fiap-challenger-soat/hackthon-soat-process-worker/internal/adapters/output/processor/video_processor.go:68.16,70.3 1 0
github.com/fiap-challenger-soat/hackthon-soat-process-worker/internal/adapters/output/processor/video_processor.go:72.2,73.16 2 1
github.com/fiap-challenger-soat/hackthon-soat-process-worker/internal/adapters/output/processor/video_processor.go:73.16,75.3 1 0
github.com/fiap-challenger-soat/hackthon-soat-process-worker/internal/adapters/output/processor/video_processor.go:76.2,80.16 4 1
github.com/fiap-challenger-soat/hackthon-soat-process-worker/internal/adapters/output/processor/video_processor.go:80.16,82.3 1 0
github.com/fiap-challenger-soat/hackthon-soat-process-worker/internal/adapters/output/processor/video_processor.go:83.2,84.12 2 1
github.com/fiap-challenger-soat/hackthon-soat-process-worker/internal/adapters/input/consumer.go:19.80,24.2 1 1
github.com/fiap-challenger-soat/hackthon-soat-process-worker/internal/adapters/input/consumer.go:26.47,28.6 2 1
github.com/fiap-challenger-soat/hackthon-soat-process-worker/internal/adapters/input/consumer.go:28.6,29.10 1 1
github.com/fiap-challenger-soat/hackthon-soat-process-worker/internal/adapters/input/consumer.go:30.21,32.10 2 1
github.com/fiap-challenger-soat/hackthon-soat-process-worker/internal/adapters/input/consumer.go:33.11,35.18 2 1
github.com/fiap-challenger-soat/hackthon-soat-process-worker/internal/adapters/input/consumer.go:35.18,38.13 3 1
github.com/fiap-challenger-soat/hackthon-soat-process-worker/internal/adapters/input/consumer.go:40.4,40.29 1 1
github.com/fiap-challenger-soat/hackthon-soat-process-worker/internal/adapters/input/consumer.go:40.29,42.5 1 1
github.com/fiap-challenger-soat/hackthon-soat-process-worker/internal/adapters/input/consumer.go:47.74,48.49 1 1
github.com/fiap-challenger-soat/hackthon-soat-process-worker/internal/adapters/input/consumer.go:48.49,51.3 2 1
github.com/fiap-challenger-soat/hackthon-soat-process-worker/internal/adapters/input/consumer.go:53.2,55.67 2 1
github.com/fiap-challenger-soat/hackthon-soat-process-worker/internal/adapters/input/consumer.go:55.67,59.3 3 1
github.com/fiap-challenger-soat/hackthon-soat-process-worker/internal/adapters/input/consumer.go:61.2,62.84 2 1
github.com/fiap-challenger-soat/hackthon-soat-process-worker/internal/adapters/input/consumer.go:62.84,65.3 2 1
github.com/fiap-challenger-soat/hackthon-soat-process-worker/internal/adapters/input/consumer.go:67.2,67.64 1 1
github.com/fiap-challenger-soat/hackthon-soat-process-worker/internal/adapters/input/consumer.go:67.64,69.3 1 1
github.com/fiap-challenger-soat/hackthon-soat-process-worker/internal/adapters/input/consumer.go:69.8,71.3 1 1
github.com/fiap-challenger-soat/hackthon-soat-process-worker/internal/core/domain/video_job.go:48.36,50.2 1 0
